<?xml version="1.0" encoding="UTF-8"?>
<testng-results skipped="0" failed="0" total="1" passed="1">
  <reporter-output>
  </reporter-output>
  <suite name="Default suite" duration-ms="241" started-at="2014-11-04T06:56:08Z" finished-at="2014-11-04T06:56:08Z">
    <groups>
    </groups>
    <test name="Default test" duration-ms="241" started-at="2014-11-04T06:56:08Z" finished-at="2014-11-04T06:56:08Z">
      <class name="com.arorarajan.interviewprep.api.JsonPlaceHolderTest">
        <test-method status="PASS" signature="jsonPlaceHolderTest()[pri:0, instance:com.arorarajan.interviewprep.api.JsonPlaceHolderTest@47b7c463]" name="jsonPlaceHolderTest" duration-ms="231" started-at="2014-11-03T22:56:08Z" finished-at="2014-11-03T22:56:08Z">
          <reporter-output>
          </reporter-output>
        </test-method> <!-- jsonPlaceHolderTest -->
      </class> <!-- com.arorarajan.interviewprep.api.JsonPlaceHolderTest -->
    </test> <!-- Default test -->
  </suite> <!-- Default suite -->
</testng-results>
